0 info it worked if it ends with ok
1 verbose cli [ 'node', '/usr/local/bin/npm', 'install', 'prettyjson', '-g' ]
2 info using npm@1.4.28
3 info using node@v0.10.32
4 verbose cache add [ 'prettyjson', null ]
5 verbose cache add name=undefined spec="prettyjson" args=["prettyjson",null]
6 verbose parsed url { protocol: null,
6 verbose parsed url   slashes: null,
6 verbose parsed url   auth: null,
6 verbose parsed url   host: null,
6 verbose parsed url   port: null,
6 verbose parsed url   hostname: null,
6 verbose parsed url   hash: null,
6 verbose parsed url   search: null,
6 verbose parsed url   query: null,
6 verbose parsed url   pathname: 'prettyjson',
6 verbose parsed url   path: 'prettyjson',
6 verbose parsed url   href: 'prettyjson' }
7 silly lockFile ef05f780-prettyjson prettyjson
8 verbose lock prettyjson /Users/Connor/.npm/ef05f780-prettyjson.lock
9 silly lockFile ef05f780-prettyjson prettyjson
10 silly lockFile ef05f780-prettyjson prettyjson
11 verbose addNamed [ 'prettyjson', '' ]
12 verbose addNamed [ null, '*' ]
13 silly lockFile b9451fb1-prettyjson prettyjson@
14 verbose lock prettyjson@ /Users/Connor/.npm/b9451fb1-prettyjson.lock
15 silly addNameRange { name: 'prettyjson', range: '*', hasData: false }
16 verbose request where is /prettyjson
17 verbose request registry https://registry.npmjs.org/
18 verbose request id 68880126c2706013
19 verbose url raw /prettyjson
20 verbose url resolving [ 'https://registry.npmjs.org/', './prettyjson' ]
21 verbose url resolved https://registry.npmjs.org/prettyjson
22 verbose request where is https://registry.npmjs.org/prettyjson
23 info trying registry request attempt 1 at 14:23:13
24 http GET https://registry.npmjs.org/prettyjson
25 http 200 https://registry.npmjs.org/prettyjson
26 silly registry.get cb [ 200,
26 silly registry.get   { date: 'Thu, 02 Oct 2014 19:23:13 GMT',
26 silly registry.get     server: 'CouchDB/1.5.0 (Erlang OTP/R16B03)',
26 silly registry.get     etag: '"5Q7ML979H7PLU5OEQXV07O0OU"',
26 silly registry.get     'content-type': 'application/json',
26 silly registry.get     'cache-control': 'max-age=60',
26 silly registry.get     'content-length': '36372',
26 silly registry.get     'accept-ranges': 'bytes',
26 silly registry.get     via: '1.1 varnish',
26 silly registry.get     age: '3812',
26 silly registry.get     'x-served-by': 'cache-ord1721-ORD',
26 silly registry.get     'x-cache': 'HIT',
26 silly registry.get     'x-cache-hits': '1',
26 silly registry.get     'x-timer': 'S1412277793.667028,VS0,VE65',
26 silly registry.get     vary: 'Accept',
26 silly registry.get     'keep-alive': 'timeout=10, max=50',
26 silly registry.get     connection: 'Keep-Alive' } ]
27 silly addNameRange number 2 { name: 'prettyjson', range: '*', hasData: true }
28 silly addNameRange versions [ 'prettyjson',
28 silly addNameRange   [ '0.0.1',
28 silly addNameRange     '0.1.0',
28 silly addNameRange     '0.1.1',
28 silly addNameRange     '0.1.2',
28 silly addNameRange     '0.1.3',
28 silly addNameRange     '0.1.4',
28 silly addNameRange     '0.2.0',
28 silly addNameRange     '0.2.1',
28 silly addNameRange     '0.3.0',
28 silly addNameRange     '0.3.1',
28 silly addNameRange     '0.4.0',
28 silly addNameRange     '0.5.0',
28 silly addNameRange     '0.6.0',
28 silly addNameRange     '0.7.0',
28 silly addNameRange     '0.7.1',
28 silly addNameRange     '0.8.0',
28 silly addNameRange     '0.8.1',
28 silly addNameRange     '0.9.0',
28 silly addNameRange     '0.10.0',
28 silly addNameRange     '0.11.0',
28 silly addNameRange     '0.11.1',
28 silly addNameRange     '0.12.0',
28 silly addNameRange     '0.12.1',
28 silly addNameRange     '0.13.0',
28 silly addNameRange     '1.0.0' ] ]
29 verbose addNamed [ 'prettyjson', '1.0.0' ]
30 verbose addNamed [ '1.0.0', '1.0.0' ]
31 silly lockFile ce8486f4-prettyjson-1-0-0 prettyjson@1.0.0
32 verbose lock prettyjson@1.0.0 /Users/Connor/.npm/ce8486f4-prettyjson-1-0-0.lock
33 silly lockFile e05a8aeb--prettyjson-prettyjson-1-0-0-tgz https://registry.npmjs.org/prettyjson/-/prettyjson-1.0.0.tgz
34 verbose lock https://registry.npmjs.org/prettyjson/-/prettyjson-1.0.0.tgz /Users/Connor/.npm/e05a8aeb--prettyjson-prettyjson-1-0-0-tgz.lock
35 verbose addRemoteTarball [ 'https://registry.npmjs.org/prettyjson/-/prettyjson-1.0.0.tgz',
35 verbose addRemoteTarball   '8911a559afea2d2d5b777c1c85fa8d3df47bd875' ]
36 info retry fetch attempt 1 at 14:23:13
37 verbose fetch to= /var/folders/hb/bhr08s2d5jlcv65lf2w54hyw0000gn/T/npm-69960-JXX6uQnn/registry.npmjs.org/prettyjson/-/prettyjson-1.0.0.tgz
38 http GET https://registry.npmjs.org/prettyjson/-/prettyjson-1.0.0.tgz
39 http 200 https://registry.npmjs.org/prettyjson/-/prettyjson-1.0.0.tgz
40 silly lockFile e05a8aeb--prettyjson-prettyjson-1-0-0-tgz https://registry.npmjs.org/prettyjson/-/prettyjson-1.0.0.tgz
41 silly lockFile e05a8aeb--prettyjson-prettyjson-1-0-0-tgz https://registry.npmjs.org/prettyjson/-/prettyjson-1.0.0.tgz
42 silly lockFile ce8486f4-prettyjson-1-0-0 prettyjson@1.0.0
43 silly lockFile ce8486f4-prettyjson-1-0-0 prettyjson@1.0.0
44 silly lockFile b9451fb1-prettyjson prettyjson@
45 silly lockFile b9451fb1-prettyjson prettyjson@
46 silly resolved [ { author:
46 silly resolved      { name: 'Rafael de Oleza',
46 silly resolved        email: 'rafeca@gmail.com',
46 silly resolved        url: 'https://github.com/rafeca' },
46 silly resolved     name: 'prettyjson',
46 silly resolved     description: 'Package for formatting JSON data in a coloured YAML-style, perfect for CLI output',
46 silly resolved     version: '1.0.0',
46 silly resolved     homepage: 'http://rafeca.com/prettyjson',
46 silly resolved     keywords: [ 'json', 'cli', 'formatting', 'colors' ],
46 silly resolved     repository: { type: 'git', url: 'https://github.com/rafeca/prettyjson.git' },
46 silly resolved     main: './lib/prettyjson',
46 silly resolved     scripts:
46 silly resolved      { test: 'npm run jshint && mocha --reporter spec',
46 silly resolved        testwin: 'node ./node_modules/mocha/bin/mocha --reporter spec',
46 silly resolved        jshint: 'jshint lib/*.js',
46 silly resolved        coverage: 'istanbul cover _mocha --report lcovonly -- -R spec',
46 silly resolved        coveralls: 'npm run coverage && cat ./coverage/lcov.info | coveralls && rm -rf ./coverage',
46 silly resolved        changelog: 'git log $(git describe --tags --abbrev=0)..HEAD --pretty=\'* %s\' --first-parent' },
46 silly resolved     bin: { prettyjson: './bin/prettyjson' },
46 silly resolved     engines: { node: '>= 0.10.0 < 0.12.0' },
46 silly resolved     dependencies: { colors: '0.6.2', minimist: '0.0.8' },
46 silly resolved     devDependencies:
46 silly resolved      { mocha: '^1.18.2',
46 silly resolved        should: '^3.1.4',
46 silly resolved        jshint: '^2.4.4',
46 silly resolved        getversion: '~0.1.1',
46 silly resolved        istanbul: '~0.2.4',
46 silly resolved        coveralls: '^2.10.0',
46 silly resolved        'mocha-lcov-reporter': '0.0.1' },
46 silly resolved     bugs: { url: 'https://github.com/rafeca/prettyjson/issues' },
46 silly resolved     _id: 'prettyjson@1.0.0',
46 silly resolved     dist:
46 silly resolved      { shasum: '8911a559afea2d2d5b777c1c85fa8d3df47bd875',
46 silly resolved        tarball: 'http://registry.npmjs.org/prettyjson/-/prettyjson-1.0.0.tgz' },
46 silly resolved     _from: 'prettyjson@',
46 silly resolved     _npmVersion: '1.4.4',
46 silly resolved     _npmUser: { name: 'rafeca', email: 'rafeca@gmail.com' },
46 silly resolved     maintainers: [ [Object] ],
46 silly resolved     directories: {},
46 silly resolved     _shasum: '8911a559afea2d2d5b777c1c85fa8d3df47bd875',
46 silly resolved     _resolved: 'https://registry.npmjs.org/prettyjson/-/prettyjson-1.0.0.tgz' } ]
47 info install prettyjson@1.0.0 into /usr/local/lib
48 info installOne prettyjson@1.0.0
49 verbose lib/node_modules/prettyjson unbuild
50 verbose tar unpack /Users/Connor/.npm/prettyjson/1.0.0/package.tgz
51 silly lockFile ae9aa44d-ocal-lib-node-modules-prettyjson tar:///usr/local/lib/node_modules/prettyjson
52 verbose lock tar:///usr/local/lib/node_modules/prettyjson /Users/Connor/.npm/ae9aa44d-ocal-lib-node-modules-prettyjson.lock
53 silly lockFile 989a9488-npm-prettyjson-1-0-0-package-tgz tar:///Users/Connor/.npm/prettyjson/1.0.0/package.tgz
54 verbose lock tar:///Users/Connor/.npm/prettyjson/1.0.0/package.tgz /Users/Connor/.npm/989a9488-npm-prettyjson-1-0-0-package-tgz.lock
55 silly gunzTarPerm modes [ '755', '644' ]
56 error Error: EACCES, mkdir '/usr/local/lib/node_modules/prettyjson'
56 error  { [Error: EACCES, mkdir '/usr/local/lib/node_modules/prettyjson']
56 error   errno: 3,
56 error   code: 'EACCES',
56 error   path: '/usr/local/lib/node_modules/prettyjson',
56 error   fstream_type: 'Directory',
56 error   fstream_path: '/usr/local/lib/node_modules/prettyjson',
56 error   fstream_class: 'DirWriter',
56 error   fstream_stack:
56 error    [ '/usr/local/lib/node_modules/npm/node_modules/fstream/lib/dir-writer.js:36:23',
56 error      '/usr/local/lib/node_modules/npm/node_modules/mkdirp/index.js:46:53',
56 error      'Object.oncomplete (fs.js:107:15)' ] }
57 error Please try running this command again as root/Administrator.
58 error System Darwin 13.3.0
59 error command "node" "/usr/local/bin/npm" "install" "prettyjson" "-g"
60 error cwd /Users/Connor/Dev/Node.js/codeschool/express
61 error node -v v0.10.32
62 error npm -v 1.4.28
63 error path /usr/local/lib/node_modules/prettyjson
64 error fstream_path /usr/local/lib/node_modules/prettyjson
65 error fstream_type Directory
66 error fstream_class DirWriter
67 error code EACCES
68 error errno 3
69 error stack Error: EACCES, mkdir '/usr/local/lib/node_modules/prettyjson'
70 error fstream_stack /usr/local/lib/node_modules/npm/node_modules/fstream/lib/dir-writer.js:36:23
70 error fstream_stack /usr/local/lib/node_modules/npm/node_modules/mkdirp/index.js:46:53
70 error fstream_stack Object.oncomplete (fs.js:107:15)
71 verbose exit [ 3, true ]
